Analysis & Synthesis report for central
Thu Jul 28 21:14:43 2022
Quartus Prime Version 21.1.0 Build 842 10/21/2021 SJ Lite Edition


---------------------
; Table of Contents ;
---------------------
  1. Legal Notice
  2. Analysis & Synthesis Summary
  3. Analysis & Synthesis Settings
  4. Parallel Compilation
  5. Analysis & Synthesis Source Files Read
  6. Analysis & Synthesis Resource Usage Summary
  7. Analysis & Synthesis Resource Utilization by Entity
  8. State Machine - |central|slave:slv|w_state
  9. State Machine - |central|master:MASTERA|w_state
 10. Registers Removed During Synthesis
 11. Removed Registers Triggering Further Register Optimizations
 12. General Register Statistics
 13. Multiplexer Restructuring Statistics (Restructuring Performed)
 14. Source assignments for master:MASTERA
 15. Source assignments for slave:slv
 16. Port Connectivity Checks: "slave:slv|SER2PAR:S2P"
 17. Port Connectivity Checks: "DETECTOR:DETECT"
 18. Post-Synthesis Netlist Statistics for Top Partition
 19. Elapsed Time Per Partition
 20. Analysis & Synthesis Messages



----------------
; Legal Notice ;
----------------
Copyright (C) 2021  Intel Corporation. All rights reserved.
Your use of Intel Corporation's design tools, logic functions 
and other software and tools, and any partner logic 
functions, and any output files from any of the foregoing 
(including device programming or simulation files), and any 
associated documentation or information are expressly subject 
to the terms and conditions of the Intel Program License 
Subscription Agreement, the Intel Quartus Prime License Agreement,
the Intel FPGA IP License Agreement, or other applicable license
agreement, including, without limitation, that your use is for
the sole purpose of programming logic devices manufactured by
Intel and sold by Intel or its authorized distributors.  Please
refer to the applicable agreement for further details, at
https://fpgasoftware.intel.com/eula.



+----------------------------------------------------------------------------------+
; Analysis & Synthesis Summary                                                     ;
+------------------------------------+---------------------------------------------+
; Analysis & Synthesis Status        ; Successful - Thu Jul 28 21:14:43 2022       ;
; Quartus Prime Version              ; 21.1.0 Build 842 10/21/2021 SJ Lite Edition ;
; Revision Name                      ; central                                     ;
; Top-level Entity Name              ; central                                     ;
; Family                             ; MAX 10                                      ;
; Total logic elements               ; 0                                           ;
;     Total combinational functions  ; 0                                           ;
;     Dedicated logic registers      ; 0                                           ;
; Total registers                    ; 0                                           ;
; Total pins                         ; 4                                           ;
; Total virtual pins                 ; 0                                           ;
; Total memory bits                  ; 0                                           ;
; Embedded Multiplier 9-bit elements ; 0                                           ;
; Total PLLs                         ; 0                                           ;
; UFM blocks                         ; 0                                           ;
; ADC blocks                         ; 0                                           ;
+------------------------------------+---------------------------------------------+


+------------------------------------------------------------------------------------------------------------+
; Analysis & Synthesis Settings                                                                              ;
+------------------------------------------------------------------+--------------------+--------------------+
; Option                                                           ; Setting            ; Default Value      ;
+------------------------------------------------------------------+--------------------+--------------------+
; Device                                                           ; 10M50DAF484C7G     ;                    ;
; Top-level entity name                                            ; central            ; central            ;
; Family name                                                      ; MAX 10             ; Cyclone V          ;
; Use smart compilation                                            ; Off                ; Off                ;
; Enable parallel Assembler and Timing Analyzer during compilation ; On                 ; On                 ;
; Enable compact report table                                      ; Off                ; Off                ;
; Restructure Multiplexers                                         ; Auto               ; Auto               ;
; Create Debugging Nodes for IP Cores                              ; Off                ; Off                ;
; Preserve fewer node names                                        ; On                 ; On                 ;
; Intel FPGA IP Evaluation Mode                                    ; Enable             ; Enable             ;
; Verilog Version                                                  ; Verilog_2001       ; Verilog_2001       ;
; VHDL Version                                                     ; VHDL_1993          ; VHDL_1993          ;
; State Machine Processing                                         ; Auto               ; Auto               ;
; Safe State Machine                                               ; Off                ; Off                ;
; Extract Verilog State Machines                                   ; On                 ; On                 ;
; Extract VHDL State Machines                                      ; On                 ; On                 ;
; Ignore Verilog initial constructs                                ; Off                ; Off                ;
; Iteration limit for constant Verilog loops                       ; 5000               ; 5000               ;
; Iteration limit for non-constant Verilog loops                   ; 250                ; 250                ;
; Add Pass-Through Logic to Inferred RAMs                          ; On                 ; On                 ;
; Infer RAMs from Raw Logic                                        ; On                 ; On                 ;
; Parallel Synthesis                                               ; On                 ; On                 ;
; DSP Block Balancing                                              ; Auto               ; Auto               ;
; NOT Gate Push-Back                                               ; On                 ; On                 ;
; Power-Up Don't Care                                              ; On                 ; On                 ;
; Remove Redundant Logic Cells                                     ; Off                ; Off                ;
; Remove Duplicate Registers                                       ; On                 ; On                 ;
; Ignore CARRY Buffers                                             ; Off                ; Off                ;
; Ignore CASCADE Buffers                                           ; Off                ; Off                ;
; Ignore GLOBAL Buffers                                            ; Off                ; Off                ;
; Ignore ROW GLOBAL Buffers                                        ; Off                ; Off                ;
; Ignore LCELL Buffers                                             ; Off                ; Off                ;
; Ignore SOFT Buffers                                              ; On                 ; On                 ;
; Limit AHDL Integers to 32 Bits                                   ; Off                ; Off                ;
; Optimization Technique                                           ; Balanced           ; Balanced           ;
; Carry Chain Length                                               ; 70                 ; 70                 ;
; Auto Carry Chains                                                ; On                 ; On                 ;
; Auto Open-Drain Pins                                             ; On                 ; On                 ;
; Perform WYSIWYG Primitive Resynthesis                            ; Off                ; Off                ;
; Auto ROM Replacement                                             ; On                 ; On                 ;
; Auto RAM Replacement                                             ; On                 ; On                 ;
; Auto DSP Block Replacement                                       ; On                 ; On                 ;
; Auto Shift Register Replacement                                  ; Auto               ; Auto               ;
; Allow Shift Register Merging across Hierarchies                  ; Auto               ; Auto               ;
; Auto Clock Enable Replacement                                    ; On                 ; On                 ;
; Strict RAM Replacement                                           ; Off                ; Off                ;
; Allow Synchronous Control Signals                                ; On                 ; On                 ;
; Force Use of Synchronous Clear Signals                           ; Off                ; Off                ;
; Auto RAM Block Balancing                                         ; On                 ; On                 ;
; Auto RAM to Logic Cell Conversion                                ; Off                ; Off                ;
; Auto Resource Sharing                                            ; Off                ; Off                ;
; Allow Any RAM Size For Recognition                               ; Off                ; Off                ;
; Allow Any ROM Size For Recognition                               ; Off                ; Off                ;
; Allow Any Shift Register Size For Recognition                    ; Off                ; Off                ;
; Use LogicLock Constraints during Resource Balancing              ; On                 ; On                 ;
; Ignore translate_off and synthesis_off directives                ; Off                ; Off                ;
; Timing-Driven Synthesis                                          ; On                 ; On                 ;
; Report Parameter Settings                                        ; On                 ; On                 ;
; Report Source Assignments                                        ; On                 ; On                 ;
; Report Connectivity Checks                                       ; On                 ; On                 ;
; Ignore Maximum Fan-Out Assignments                               ; Off                ; Off                ;
; Synchronization Register Chain Length                            ; 2                  ; 2                  ;
; Power Optimization During Synthesis                              ; Normal compilation ; Normal compilation ;
; HDL message level                                                ; Level2             ; Level2             ;
; Suppress Register Optimization Related Messages                  ; Off                ; Off                ;
; Number of Removed Registers Reported in Synthesis Report         ; 5000               ; 5000               ;
; Number of Swept Nodes Reported in Synthesis Report               ; 5000               ; 5000               ;
; Number of Inverted Registers Reported in Synthesis Report        ; 100                ; 100                ;
; Clock MUX Protection                                             ; On                 ; On                 ;
; Auto Gated Clock Conversion                                      ; Off                ; Off                ;
; Block Design Naming                                              ; Auto               ; Auto               ;
; SDC constraint protection                                        ; Off                ; Off                ;
; Synthesis Effort                                                 ; Auto               ; Auto               ;
; Shift Register Replacement - Allow Asynchronous Clear Signal     ; On                 ; On                 ;
; Pre-Mapping Resynthesis Optimization                             ; Off                ; Off                ;
; Analysis & Synthesis Message Level                               ; Medium             ; Medium             ;
; Disable Register Merging Across Hierarchies                      ; Auto               ; Auto               ;
; Resource Aware Inference For Block RAM                           ; On                 ; On                 ;
+------------------------------------------------------------------+--------------------+--------------------+


+------------------------------------------+
; Parallel Compilation                     ;
+----------------------------+-------------+
; Processors                 ; Number      ;
+----------------------------+-------------+
; Number detected on machine ; 8           ;
; Maximum allowed            ; 4           ;
;                            ;             ;
; Average used               ; 1.00        ;
; Maximum used               ; 1           ;
;                            ;             ;
; Usage by Processor         ; % Time Used ;
;     Processor 1            ; 100.0%      ;
+----------------------------+-------------+


+-----------------------------------------------------------------------------------------------------------------------------------------------+
; Analysis & Synthesis Source Files Read                                                                                                        ;
+----------------------------------+-----------------+-----------------+--------------------------------------------------------------+---------+
; File Name with User-Entered Path ; Used in Netlist ; File Type       ; File Name with Absolute Path                                 ; Library ;
+----------------------------------+-----------------+-----------------+--------------------------------------------------------------+---------+
; ../slave/SER2PAR.vhd             ; yes             ; User VHDL File  ; C:/Users/Saint/OneDrive/Documentos/I2C/slave/SER2PAR.vhd     ;         ;
; ../slave/slave.vhd               ; yes             ; User VHDL File  ; C:/Users/Saint/OneDrive/Documentos/I2C/slave/slave.vhd       ;         ;
; ../detector/detector.vhd         ; yes             ; User VHDL File  ; C:/Users/Saint/OneDrive/Documentos/I2C/detector/detector.vhd ;         ;
; ../MASTER/MASTER.vhd             ; yes             ; User VHDL File  ; C:/Users/Saint/OneDrive/Documentos/I2C/MASTER/MASTER.vhd     ;         ;
; central.vhd                      ; yes             ; User VHDL File  ; C:/Users/Saint/OneDrive/Documentos/I2C/central/central.vhd   ;         ;
; Pa2Se.vhd                        ; yes             ; User VHDL File  ; C:/Users/Saint/OneDrive/Documentos/I2C/central/Pa2Se.vhd     ;         ;
; ../counter/counter.vhd           ; yes             ; User VHDL File  ; C:/Users/Saint/OneDrive/Documentos/I2C/counter/counter.vhd   ;         ;
+----------------------------------+-----------------+-----------------+--------------------------------------------------------------+---------+


+---------------------------------------------------------+
; Analysis & Synthesis Resource Usage Summary             ;
+---------------------------------------------+-----------+
; Resource                                    ; Usage     ;
+---------------------------------------------+-----------+
;                                             ;           ;
; Total combinational functions               ; 0         ;
; Logic element usage by number of LUT inputs ;           ;
;     -- 4 input functions                    ; 0         ;
;     -- 3 input functions                    ; 0         ;
;     -- <=2 input functions                  ; 0         ;
;                                             ;           ;
; Logic elements by mode                      ;           ;
;     -- normal mode                          ; 0         ;
;     -- arithmetic mode                      ; 0         ;
;                                             ;           ;
; Total registers                             ; 0         ;
;     -- Dedicated logic registers            ; 0         ;
;     -- I/O registers                        ; 0         ;
;                                             ;           ;
; I/O pins                                    ; 4         ;
;                                             ;           ;
; Embedded Multiplier 9-bit elements          ; 0         ;
;                                             ;           ;
; Maximum fan-out node                        ; i_CLK_100 ;
; Maximum fan-out                             ; 1         ;
; Total fan-out                               ; 4         ;
; Average fan-out                             ; 0.50      ;
+---------------------------------------------+-----------+


+------------------------------------------------------------------------------------------------------------------------------------------------------------------------------------------------------------------------------------+
; Analysis & Synthesis Resource Utilization by Entity                                                                                                                                                                                ;
+----------------------------+---------------------+---------------------------+-------------+------------+--------------+---------+-----------+------+--------------+------------+---------------------+-------------+--------------+
; Compilation Hierarchy Node ; Combinational ALUTs ; Dedicated Logic Registers ; Memory Bits ; UFM Blocks ; DSP Elements ; DSP 9x9 ; DSP 18x18 ; Pins ; Virtual Pins ; ADC blocks ; Full Hierarchy Name ; Entity Name ; Library Name ;
+----------------------------+---------------------+---------------------------+-------------+------------+--------------+---------+-----------+------+--------------+------------+---------------------+-------------+--------------+
; |central                   ; 0 (0)               ; 0 (0)                     ; 0           ; 0          ; 0            ; 0       ; 0         ; 4    ; 0            ; 0          ; |central            ; central     ; work         ;
+----------------------------+---------------------+---------------------------+-------------+------------+--------------+---------+-----------+------+--------------+------------+---------------------+-------------+--------------+
Note: For table entries with two numbers listed, the numbers in parentheses indicate the number of resources of the given type used by the specific entity alone. The numbers listed outside of parentheses indicate the total resources of the given type used by the specific entity and all of its sub-entities in the hierarchy.


Encoding Type: Safe One-Hot
+------------------------------------------------------------------------+
; State Machine - |central|slave:slv|w_state                             ;
+--------------------+--------------------+---------------+--------------+
; Name               ; w_state.escrevendo ; w_state.lendo ; w_state.idle ;
+--------------------+--------------------+---------------+--------------+
; w_state.idle       ; 0                  ; 0             ; 0            ;
; w_state.lendo      ; 0                  ; 1             ; 1            ;
; w_state.escrevendo ; 1                  ; 0             ; 1            ;
+--------------------+--------------------+---------------+--------------+


Encoding Type: Safe One-Hot
+-------------------------------------------------+
; State Machine - |central|master:MASTERA|w_state ;
+------------------+------------------------------+
; Name             ; w_state.enviando             ;
+------------------+------------------------------+
; w_state.idle     ; 0                            ;
; w_state.enviando ; 1                            ;
+------------------+------------------------------+


+---------------------------------------------------------------------------------+
; Registers Removed During Synthesis                                              ;
+----------------------------------------+----------------------------------------+
; Register name                          ; Reason for Removal                     ;
+----------------------------------------+----------------------------------------+
; Pa2Se:P2S|w_DATA[0]                    ; Stuck at GND due to stuck port data_in ;
; master:MASTERA|en_SCL                  ; Lost fanout                            ;
; slave:slv|w_SDA_PAST                   ; Lost fanout                            ;
; COUNTER:COUNTERA|w_CLR                 ; Lost fanout                            ;
; DETECTOR:DETECT|w_CLK_S                ; Lost fanout                            ;
; DETECTOR:DETECT|w_CLK_T                ; Lost fanout                            ;
; Pa2Se:P2S|o_TX                         ; Lost fanout                            ;
; COUNTER:COUNTERA|w_CONT[0..3]          ; Lost fanout                            ;
; DETECTOR:DETECT|w_CLK_R                ; Lost fanout                            ;
; Pa2Se:P2S|w_DATA[7]                    ; Lost fanout                            ;
; master:MASTERA|en_SDA                  ; Lost fanout                            ;
; master:MASTERA|o_LOAD                  ; Lost fanout                            ;
; Pa2Se:P2S|w_DATA[1..6]                 ; Lost fanout                            ;
; slave:slv|w_state.idle                 ; Lost fanout                            ;
; slave:slv|w_state.lendo                ; Lost fanout                            ;
; slave:slv|w_state.escrevendo           ; Lost fanout                            ;
; master:MASTERA|w_state.enviando        ; Lost fanout                            ;
; Total Number of Removed Registers = 25 ;                                        ;
+----------------------------------------+----------------------------------------+


+-----------------------------------------------------------------------------------------------------------------------------------------+
; Removed Registers Triggering Further Register Optimizations                                                                             ;
+-----------------------+---------------------------+-------------------------------------------------------------------------------------+
; Register name         ; Reason for Removal        ; Registers Removed due to This Register                                              ;
+-----------------------+---------------------------+-------------------------------------------------------------------------------------+
; slave:slv|w_SDA_PAST  ; Lost Fanouts              ; Pa2Se:P2S|o_TX, Pa2Se:P2S|w_DATA[7], Pa2Se:P2S|w_DATA[6], Pa2Se:P2S|w_DATA[5],      ;
;                       ;                           ; Pa2Se:P2S|w_DATA[4], Pa2Se:P2S|w_DATA[3], Pa2Se:P2S|w_DATA[2], Pa2Se:P2S|w_DATA[1], ;
;                       ;                           ; slave:slv|w_state.idle, slave:slv|w_state.lendo, slave:slv|w_state.escrevendo       ;
; master:MASTERA|en_SCL ; Lost Fanouts              ; COUNTER:COUNTERA|w_CLR, COUNTER:COUNTERA|w_CONT[0], COUNTER:COUNTERA|w_CONT[3],     ;
;                       ;                           ; COUNTER:COUNTERA|w_CONT[2], COUNTER:COUNTERA|w_CONT[1],                             ;
;                       ;                           ; master:MASTERA|w_state.enviando                                                     ;
; Pa2Se:P2S|w_DATA[0]   ; Stuck at GND              ; DETECTOR:DETECT|w_CLK_S, DETECTOR:DETECT|w_CLK_T, DETECTOR:DETECT|w_CLK_R,          ;
;                       ; due to stuck port data_in ; master:MASTERA|en_SDA, master:MASTERA|o_LOAD                                        ;
+-----------------------+---------------------------+-------------------------------------------------------------------------------------+


+------------------------------------------------------+
; General Register Statistics                          ;
+----------------------------------------------+-------+
; Statistic                                    ; Value ;
+----------------------------------------------+-------+
; Total registers                              ; 0     ;
; Number of registers using Synchronous Clear  ; 0     ;
; Number of registers using Synchronous Load   ; 0     ;
; Number of registers using Asynchronous Clear ; 0     ;
; Number of registers using Asynchronous Load  ; 0     ;
; Number of registers using Clock Enable       ; 0     ;
; Number of registers using Preset             ; 0     ;
+----------------------------------------------+-------+


+-----------------------------------------------------------------------------------------------------------------------------------------------+
; Multiplexer Restructuring Statistics (Restructuring Performed)                                                                                ;
+--------------------+-----------+---------------+----------------------+------------------------+------------+---------------------------------+
; Multiplexer Inputs ; Bus Width ; Baseline Area ; Area if Restructured ; Saving if Restructured ; Registered ; Example Multiplexer Output      ;
+--------------------+-----------+---------------+----------------------+------------------------+------------+---------------------------------+
; 3:1                ; 6 bits    ; 12 LEs        ; 6 LEs                ; 6 LEs                  ; Yes        ; |central|Pa2Se:P2S|w_DATA[7]    ;
; 4:1                ; 2 bits    ; 4 LEs         ; 4 LEs                ; 0 LEs                  ; No         ; |central|master:MASTERA|w_state ;
+--------------------+-----------+---------------+----------------------+------------------------+------------+---------------------------------+


+---------------------------------------------+
; Source assignments for master:MASTERA       ;
+--------------------+-------+------+---------+
; Assignment         ; Value ; From ; To      ;
+--------------------+-------+------+---------+
; SAFE_STATE_MACHINE ; on    ; -    ; w_state ;
+--------------------+-------+------+---------+


+---------------------------------------------+
; Source assignments for slave:slv            ;
+--------------------+-------+------+---------+
; Assignment         ; Value ; From ; To      ;
+--------------------+-------+------+---------+
; SAFE_STATE_MACHINE ; on    ; -    ; w_state ;
+--------------------+-------+------+---------+


+------------------------------------------------------------------------------------------------------------------+
; Port Connectivity Checks: "slave:slv|SER2PAR:S2P"                                                                ;
+--------+--------+----------+-------------------------------------------------------------------------------------+
; Port   ; Type   ; Severity ; Details                                                                             ;
+--------+--------+----------+-------------------------------------------------------------------------------------+
; o_data ; Output ; Info     ; Connected to dangling logic. Logic that only feeds a dangling port will be removed. ;
+--------+--------+----------+-------------------------------------------------------------------------------------+


+-----------------------------------------------------------------------------------------------------------------------+
; Port Connectivity Checks: "DETECTOR:DETECT"                                                                           ;
+-------------+--------+----------+-------------------------------------------------------------------------------------+
; Port        ; Type   ; Severity ; Details                                                                             ;
+-------------+--------+----------+-------------------------------------------------------------------------------------+
; o_edge_down ; Output ; Info     ; Connected to dangling logic. Logic that only feeds a dangling port will be removed. ;
+-------------+--------+----------+-------------------------------------------------------------------------------------+


+-----------------------------------------------------+
; Post-Synthesis Netlist Statistics for Top Partition ;
+-------------------+---------------------------------+
; Type              ; Count                           ;
+-------------------+---------------------------------+
; boundary_port     ; 4                               ;
;                   ;                                 ;
; Max LUT depth     ; 0.00                            ;
; Average LUT depth ; 0.00                            ;
+-------------------+---------------------------------+


+-------------------------------+
; Elapsed Time Per Partition    ;
+----------------+--------------+
; Partition Name ; Elapsed Time ;
+----------------+--------------+
; Top            ; 00:00:00     ;
+----------------+--------------+


+-------------------------------+
; Analysis & Synthesis Messages ;
+-------------------------------+
Info: *******************************************************************
Info: Running Quartus Prime Analysis & Synthesis
    Info: Version 21.1.0 Build 842 10/21/2021 SJ Lite Edition
    Info: Processing started: Thu Jul 28 21:14:33 2022
Info: Command: quartus_map --read_settings_files=on --write_settings_files=off central -c central
Warning (18236): Number of processors has not been specified which may cause overloading on shared machines.  Set the global assignment NUM_PARALLEL_PROCESSORS in your QSF to an appropriate value for best performance.
Info (20030): Parallel compilation is enabled and will use 4 of the 4 processors detected
Info (12021): Found 2 design units, including 1 entities, in source file tb_i2c.vhd
    Info (12022): Found design unit 1: tb_i2c-behavioral File: C:/Users/Saint/OneDrive/Documentos/I2C/central/tb_i2c.vhd Line: 9
    Info (12023): Found entity 1: tb_i2c File: C:/Users/Saint/OneDrive/Documentos/I2C/central/tb_i2c.vhd Line: 6
Warning (12019): Can't analyze file -- file LED.vhd is missing
Info (12021): Found 2 design units, including 1 entities, in source file /users/saint/onedrive/documentos/i2c/slave/ser2par.vhd
    Info (12022): Found design unit 1: SER2PAR-Behavioral File: C:/Users/Saint/OneDrive/Documentos/I2C/slave/SER2PAR.vhd Line: 34
    Info (12023): Found entity 1: SER2PAR File: C:/Users/Saint/OneDrive/Documentos/I2C/slave/SER2PAR.vhd Line: 23
Info (12021): Found 2 design units, including 1 entities, in source file /users/saint/onedrive/documentos/i2c/slave/slave.vhd
    Info (12022): Found design unit 1: slave-behavioral File: C:/Users/Saint/OneDrive/Documentos/I2C/slave/slave.vhd Line: 19
    Info (12023): Found entity 1: slave File: C:/Users/Saint/OneDrive/Documentos/I2C/slave/slave.vhd Line: 6
Info (12021): Found 2 design units, including 1 entities, in source file /users/saint/onedrive/documentos/i2c/detector/detector.vhd
    Info (12022): Found design unit 1: DETECTOR-Behavioral File: C:/Users/Saint/OneDrive/Documentos/I2C/detector/detector.vhd Line: 47
    Info (12023): Found entity 1: DETECTOR File: C:/Users/Saint/OneDrive/Documentos/I2C/detector/detector.vhd Line: 36
Info (12021): Found 2 design units, including 1 entities, in source file /users/saint/onedrive/documentos/i2c/master/master.vhd
    Info (12022): Found design unit 1: master-behavioral File: C:/Users/Saint/OneDrive/Documentos/I2C/MASTER/MASTER.vhd Line: 20
    Info (12023): Found entity 1: master File: C:/Users/Saint/OneDrive/Documentos/I2C/MASTER/MASTER.vhd Line: 6
Info (12021): Found 2 design units, including 1 entities, in source file central.vhd
    Info (12022): Found design unit 1: central-behavioral File: C:/Users/Saint/OneDrive/Documentos/I2C/central/central.vhd Line: 16
    Info (12023): Found entity 1: central File: C:/Users/Saint/OneDrive/Documentos/I2C/central/central.vhd Line: 6
Info (12021): Found 2 design units, including 1 entities, in source file pll.vhd
    Info (12022): Found design unit 1: pll-SYN File: C:/Users/Saint/OneDrive/Documentos/I2C/central/PLL.vhd Line: 54
    Info (12023): Found entity 1: PLL File: C:/Users/Saint/OneDrive/Documentos/I2C/central/PLL.vhd Line: 43
Info (12021): Found 2 design units, including 1 entities, in source file pa2se.vhd
    Info (12022): Found design unit 1: Pa2Se-behavioral File: C:/Users/Saint/OneDrive/Documentos/I2C/central/Pa2Se.vhd Line: 19
    Info (12023): Found entity 1: Pa2Se File: C:/Users/Saint/OneDrive/Documentos/I2C/central/Pa2Se.vhd Line: 7
Info (12021): Found 2 design units, including 1 entities, in source file /users/saint/onedrive/documentos/i2c/counter/counter.vhd
    Info (12022): Found design unit 1: COUNTER-Behavioral File: C:/Users/Saint/OneDrive/Documentos/I2C/counter/counter.vhd Line: 29
    Info (12023): Found entity 1: COUNTER File: C:/Users/Saint/OneDrive/Documentos/I2C/counter/counter.vhd Line: 20
Info (12021): Found 2 design units, including 1 entities, in source file sete_segmentos.vhd
    Info (12022): Found design unit 1: SETE_SEGMENTOS-Behavioral File: C:/Users/Saint/OneDrive/Documentos/I2C/central/SETE_SEGMENTOS.vhd Line: 16
    Info (12023): Found entity 1: SETE_SEGMENTOS File: C:/Users/Saint/OneDrive/Documentos/I2C/central/SETE_SEGMENTOS.vhd Line: 7
Info (12127): Elaborating entity "central" for the top level hierarchy
Warning (10036): Verilog HDL or VHDL warning at central.vhd(87): object "w_EDGE_DOWN" assigned a value but never read File: C:/Users/Saint/OneDrive/Documentos/I2C/central/central.vhd Line: 87
Warning (10036): Verilog HDL or VHDL warning at central.vhd(91): object "w_RST_NOT" assigned a value but never read File: C:/Users/Saint/OneDrive/Documentos/I2C/central/central.vhd Line: 91
Info (12128): Elaborating entity "Pa2Se" for hierarchy "Pa2Se:P2S" File: C:/Users/Saint/OneDrive/Documentos/I2C/central/central.vhd Line: 102
Warning (10036): Verilog HDL or VHDL warning at Pa2Se.vhd(22): object "w_ND" assigned a value but never read File: C:/Users/Saint/OneDrive/Documentos/I2C/central/Pa2Se.vhd Line: 22
Info (12128): Elaborating entity "COUNTER" for hierarchy "COUNTER:COUNTERA" File: C:/Users/Saint/OneDrive/Documentos/I2C/central/central.vhd Line: 113
Info (12128): Elaborating entity "DETECTOR" for hierarchy "DETECTOR:DETECT" File: C:/Users/Saint/OneDrive/Documentos/I2C/central/central.vhd Line: 122
Info (12128): Elaborating entity "master" for hierarchy "master:MASTERA" File: C:/Users/Saint/OneDrive/Documentos/I2C/central/central.vhd Line: 132
Info (12128): Elaborating entity "slave" for hierarchy "slave:slv" File: C:/Users/Saint/OneDrive/Documentos/I2C/central/central.vhd Line: 145
Warning (10036): Verilog HDL or VHDL warning at slave.vhd(52): object "w_number_to_display" assigned a value but never read File: C:/Users/Saint/OneDrive/Documentos/I2C/slave/slave.vhd Line: 52
Info (12128): Elaborating entity "SER2PAR" for hierarchy "slave:slv|SER2PAR:S2P" File: C:/Users/Saint/OneDrive/Documentos/I2C/slave/slave.vhd Line: 56
Info (284007): State machine "|central|slave:slv|w_state" will be implemented as a safe state machine. File: C:/Users/Saint/OneDrive/Documentos/I2C/slave/slave.vhd Line: 26
Info (284007): State machine "|central|master:MASTERA|w_state" will be implemented as a safe state machine. File: C:/Users/Saint/OneDrive/Documentos/I2C/MASTER/MASTER.vhd Line: 26
Info (17049): 24 registers lost all their fanouts during netlist optimizations.
Info (16010): Generating hard_block partition "hard_block:auto_generated_inst"
    Info (16011): Adding 0 node(s), including 0 DDIO, 0 PLL, 0 transceiver and 0 LCELL
Warning (21074): Design contains 4 input pin(s) that do not drive logic
    Warning (15610): No output dependent on input pin "i_CLK_100" File: C:/Users/Saint/OneDrive/Documentos/I2C/central/central.vhd Line: 10
    Warning (15610): No output dependent on input pin "i_RST" File: C:/Users/Saint/OneDrive/Documentos/I2C/central/central.vhd Line: 8
    Warning (15610): No output dependent on input pin "i_CLK_50" File: C:/Users/Saint/OneDrive/Documentos/I2C/central/central.vhd Line: 9
    Warning (15610): No output dependent on input pin "i_START" File: C:/Users/Saint/OneDrive/Documentos/I2C/central/central.vhd Line: 11
Info (21057): Implemented 4 device resources after synthesis - the final resource count might be different
    Info (21058): Implemented 4 input pins
    Info (21059): Implemented 0 output pins
Info: Quartus Prime Analysis & Synthesis was successful. 0 errors, 11 warnings
    Info: Peak virtual memory: 4804 megabytes
    Info: Processing ended: Thu Jul 28 21:14:43 2022
    Info: Elapsed time: 00:00:10
    Info: Total CPU time (on all processors): 00:00:23


